#
# There is insufficient memory for the Java Runtime Environment to continue.
# Native memory allocation (malloc) failed to allocate 401296 bytes for Chunk::new
# Possible reasons:
#   The system is out of physical RAM or swap space
#   The process is running with CompressedOops enabled, and the Java Heap may be blocking the growth of the native heap
# Possible solutions:
#   Reduce memory load on the system
#   Increase physical memory or swap space
#   Check if swap backing store is full
#   Decrease Java heap size (-Xmx/-Xms)
#   Decrease number of Java threads
#   Decrease Java thread stack sizes (-Xss)
#   Set larger code cache with -XX:ReservedCodeCacheSize=
#   JVM is running with Unscaled Compressed Oops mode in which the Java heap is
#     placed in the first 4GB address space. The Java Heap base address is the
#     maximum limit for the native heap growth. Please use -XX:HeapBaseMinAddress
#     to set the Java Heap base and to place the Java Heap above 4GB virtual address.
# This output file may be truncated or incomplete.
#
#  Out of Memory Error (arena.cpp:189), pid=9408, tid=4852
#
# JRE version: OpenJDK Runtime Environment (17.0.7) (build 17.0.7+0-b2043.56-10550314)
# Java VM: OpenJDK 64-Bit Server VM (17.0.7+0-b2043.56-10550314, mixed mode, tiered, compressed oops, compressed class ptrs, g1 gc, windows-amd64)
# No core dump will be written. Minidumps are not enabled by default on client versions of Windows
#

---------------  S U M M A R Y ------------

Command Line: --add-opens=java.base/java.util=ALL-UNNAMED --add-opens=java.base/java.lang=ALL-UNNAMED --add-opens=java.base/java.lang.invoke=ALL-UNNAMED --add-opens=java.prefs/java.util.prefs=ALL-UNNAMED --add-opens=java.base/java.nio.charset=ALL-UNNAMED --add-opens=java.base/java.net=ALL-UNNAMED --add-opens=java.base/java.util.concurrent.atomic=ALL-UNNAMED -Xmx2048m -Dfile.encoding=UTF-8 -Duser.country=ES -Duser.language=es -Duser.variant -javaagent:C:\Users\Sheila\.gradle\wrapper\dists\gradle-8.2-bin\bbg7u40eoinfdyxsxr3z4i7ta\gradle-8.2\lib\agents\gradle-instrumentation-agent-8.2.jar org.gradle.launcher.daemon.bootstrap.GradleDaemon 8.2

Host: Intel(R) Core(TM) i3-10110U CPU @ 2.10GHz, 4 cores, 7G,  Windows 10 , 64 bit Build 19041 (10.0.19041.3636)
Time: Fri Feb  9 17:46:26 2024 Hora estándar romance elapsed time: 28.344067 seconds (0d 0h 0m 28s)

---------------  T H R E A D  ---------------

Current thread (0x00000178fa029be0):  JavaThread "C2 CompilerThread0" daemon [_thread_in_native, id=4852, stack(0x00000004fdd00000,0x00000004fde00000)]


Current CompileTask:
C2:  28346 7646       4       com.google.gson.stream.JsonReader::nextQuotedValue (271 bytes)

Stack: [0x00000004fdd00000,0x00000004fde00000]
Native frames: (J=compiled Java code, j=interpreted, Vv=VM code, C=native code)
V  [jvm.dll+0x683bfa]
V  [jvm.dll+0x8430a4]
V  [jvm.dll+0x8449be]
V  [jvm.dll+0x845023]
V  [jvm.dll+0x24ad2f]
V  [jvm.dll+0xac25c]
V  [jvm.dll+0xac82c]
V  [jvm.dll+0x2b218f]
V  [jvm.dll+0x58c2f7]
V  [jvm.dll+0x225a12]
V  [jvm.dll+0x225def]
V  [jvm.dll+0x21f0b5]
V  [jvm.dll+0x21c56b]
V  [jvm.dll+0x1a605d]
V  [jvm.dll+0x22c148]
V  [jvm.dll+0x22a209]
V  [jvm.dll+0x7f858c]
V  [jvm.dll+0x7f2aea]
V  [jvm.dll+0x682a35]
C  [ucrtbase.dll+0x21bb2]
C  [KERNEL32.DLL+0x17344]
C  [ntdll.dll+0x526b1]


---------------  P R O C E S S  ---------------

Threads class SMR info:
_java_thread_list=0x00000178819f7a00, length=45, elements={
0x00000178e0a42240, 0x00000178fa004490, 0x00000178fa005210, 0x00000178fa0254f0,
0x00000178fa027dc0, 0x00000178fa028680, 0x00000178fa028f40, 0x00000178fa029be0,
0x00000178fa02ada0, 0x00000178fa02b6a0, 0x00000178f9fa0820, 0x00000178fa512e90,
0x0000017880bc72d0, 0x00000178fff650a0, 0x0000017880dbd030, 0x000001788048a590,
0x0000017880a1bc90, 0x0000017880a859c0, 0x00000178ffe69a10, 0x00000178fffca160,
0x00000178fffc92f0, 0x00000178fffcab00, 0x00000178fffc7fb0, 0x00000178fffc8e20,
0x00000178fffc97c0, 0x00000178fffc9c90, 0x00000178fffca630, 0x00000178fffcafd0,
0x00000178fffcb4a0, 0x00000178fffc7ae0, 0x00000178fffc8480, 0x00000178fffc8950,
0x0000017881648790, 0x0000017881647450, 0x0000017881647920, 0x0000017881648c60,
0x0000017881649600, 0x0000017881649130, 0x000001788164a470, 0x0000017881649ad0,
0x00000178827df6e0, 0x00000178827e0a20, 0x00000178827ded40, 0x00000178827e1d60,
0x00000178827e13c0
}

Java Threads: ( => current thread )
  0x00000178e0a42240 JavaThread "main" [_thread_blocked, id=18724, stack(0x00000004fd000000,0x00000004fd100000)]
  0x00000178fa004490 JavaThread "Reference Handler" daemon [_thread_blocked, id=18788, stack(0x00000004fd700000,0x00000004fd800000)]
  0x00000178fa005210 JavaThread "Finalizer" daemon [_thread_blocked, id=1672, stack(0x00000004fd800000,0x00000004fd900000)]
  0x00000178fa0254f0 JavaThread "Signal Dispatcher" daemon [_thread_blocked, id=18792, stack(0x00000004fd900000,0x00000004fda00000)]
  0x00000178fa027dc0 JavaThread "Attach Listener" daemon [_thread_blocked, id=9184, stack(0x00000004fda00000,0x00000004fdb00000)]
  0x00000178fa028680 JavaThread "Service Thread" daemon [_thread_blocked, id=16836, stack(0x00000004fdb00000,0x00000004fdc00000)]
  0x00000178fa028f40 JavaThread "Monitor Deflation Thread" daemon [_thread_blocked, id=4340, stack(0x00000004fdc00000,0x00000004fdd00000)]
=>0x00000178fa029be0 JavaThread "C2 CompilerThread0" daemon [_thread_in_native, id=4852, stack(0x00000004fdd00000,0x00000004fde00000)]
  0x00000178fa02ada0 JavaThread "C1 CompilerThread0" daemon [_thread_blocked, id=9592, stack(0x00000004fde00000,0x00000004fdf00000)]
  0x00000178fa02b6a0 JavaThread "Sweeper thread" daemon [_thread_blocked, id=12372, stack(0x00000004fdf00000,0x00000004fe000000)]
  0x00000178f9fa0820 JavaThread "Common-Cleaner" daemon [_thread_blocked, id=18888, stack(0x00000004fe000000,0x00000004fe100000)]
  0x00000178fa512e90 JavaThread "Notification Thread" daemon [_thread_blocked, id=1340, stack(0x00000004fe100000,0x00000004fe200000)]
  0x0000017880bc72d0 JavaThread "Daemon health stats" [_thread_blocked, id=12272, stack(0x00000004fe700000,0x00000004fe800000)]
  0x00000178fff650a0 JavaThread "Incoming local TCP Connector on port 51155" [_thread_in_native, id=3104, stack(0x00000004fe800000,0x00000004fe900000)]
  0x0000017880dbd030 JavaThread "Daemon periodic checks" [_thread_blocked, id=1560, stack(0x00000004fe900000,0x00000004fea00000)]
  0x000001788048a590 JavaThread "Daemon" [_thread_blocked, id=18648, stack(0x00000004fea00000,0x00000004feb00000)]
  0x0000017880a1bc90 JavaThread "Handler for socket connection from /127.0.0.1:51155 to /127.0.0.1:51156" [_thread_in_native, id=17628, stack(0x00000004feb00000,0x00000004fec00000)]
  0x0000017880a859c0 JavaThread "Cancel handler" [_thread_blocked, id=14020, stack(0x00000004fec00000,0x00000004fed00000)]
  0x00000178ffe69a10 JavaThread "Daemon worker" [_thread_in_vm, id=11688, stack(0x00000004fed00000,0x00000004fee00000)]
  0x00000178fffca160 JavaThread "Asynchronous log dispatcher for DefaultDaemonConnection: socket connection from /127.0.0.1:51155 to /127.0.0.1:51156" [_thread_blocked, id=4456, stack(0x00000004fee00000,0x00000004fef00000)]
  0x00000178fffc92f0 JavaThread "Stdin handler" [_thread_blocked, id=5296, stack(0x00000004fef00000,0x00000004ff000000)]
  0x00000178fffcab00 JavaThread "Daemon client event forwarder" [_thread_blocked, id=3008, stack(0x00000004ff000000,0x00000004ff100000)]
  0x00000178fffc7fb0 JavaThread "Cache worker for journal cache (C:\Users\Sheila\.gradle\caches\journal-1)" [_thread_blocked, id=3852, stack(0x00000004fe300000,0x00000004fe400000)]
  0x00000178fffc8e20 JavaThread "File lock request listener" [_thread_in_native, id=18484, stack(0x00000004ff100000,0x00000004ff200000)]
  0x00000178fffc97c0 JavaThread "Cache worker for file hash cache (C:\Users\Sheila\.gradle\caches\8.2\fileHashes)" [_thread_blocked, id=8704, stack(0x00000004ff200000,0x00000004ff300000)]
  0x00000178fffc9c90 JavaThread "File watcher server" daemon [_thread_in_native, id=4316, stack(0x00000004ff300000,0x00000004ff400000)]
  0x00000178fffca630 JavaThread "File watcher consumer" daemon [_thread_blocked, id=11744, stack(0x00000004ff400000,0x00000004ff500000)]
  0x00000178fffcafd0 JavaThread "Cache worker for checksums cache (C:\Users\Sheila\AndroidStudioProjects\PiximonGame\.gradle\8.2\checksums)" [_thread_blocked, id=14468, stack(0x00000004ff500000,0x00000004ff600000)]
  0x00000178fffcb4a0 JavaThread "Cache worker for cache directory md-rule (C:\Users\Sheila\.gradle\caches\8.2\md-rule)" [_thread_blocked, id=13728, stack(0x00000004ff600000,0x00000004ff700000)]
  0x00000178fffc7ae0 JavaThread "Cache worker for file content cache (C:\Users\Sheila\.gradle\caches\8.2\fileContent)" [_thread_blocked, id=16212, stack(0x00000004ff700000,0x00000004ff800000)]
  0x00000178fffc8480 JavaThread "Cache worker for file hash cache (C:\Users\Sheila\AndroidStudioProjects\PiximonGame\.gradle\8.2\fileHashes)" [_thread_blocked, id=5856, stack(0x00000004ff800000,0x00000004ff900000)]
  0x00000178fffc8950 JavaThread "Cache worker for cache directory md-supplier (C:\Users\Sheila\.gradle\caches\8.2\md-supplier)" [_thread_blocked, id=18028, stack(0x00000004ff900000,0x00000004ffa00000)]
  0x0000017881648790 JavaThread "Cache worker for execution history cache (C:\Users\Sheila\.gradle\caches\8.2\executionHistory)" [_thread_blocked, id=4420, stack(0x00000004ffa00000,0x00000004ffb00000)]
  0x0000017881647450 JavaThread "jar transforms" [_thread_blocked, id=11256, stack(0x00000004ffd00000,0x00000004ffe00000)]
  0x0000017881647920 JavaThread "jar transforms Thread 2" [_thread_blocked, id=16508, stack(0x00000004ffe00000,0x00000004fff00000)]
  0x0000017881648c60 JavaThread "Cache worker for kotlin-dsl (C:\Users\Sheila\.gradle\caches\8.2\kotlin-dsl)" [_thread_blocked, id=13060, stack(0x00000004fff00000,0x0000000500000000)]
  0x0000017881649600 JavaThread "jar transforms Thread 3" [_thread_blocked, id=18224, stack(0x0000000480000000,0x0000000480100000)]
  0x0000017881649130 JavaThread "jar transforms Thread 4" [_thread_blocked, id=15064, stack(0x0000000480100000,0x0000000480200000)]
  0x000001788164a470 JavaThread "Cache worker for dependencies-accessors (C:\Users\Sheila\AndroidStudioProjects\PiximonGame\.gradle\8.2\dependencies-accessors)" [_thread_blocked, id=1136, stack(0x0000000480200000,0x0000000480300000)]
  0x0000017881649ad0 JavaThread "Cache worker for Build Output Cleanup Cache (C:\Users\Sheila\AndroidStudioProjects\PiximonGame\.gradle\buildOutputCleanup)" [_thread_blocked, id=13108, stack(0x0000000480300000,0x0000000480400000)]
  0x00000178827df6e0 JavaThread "Unconstrained build operations" [_thread_blocked, id=9276, stack(0x0000000480400000,0x0000000480500000)]
  0x00000178827e0a20 JavaThread "Unconstrained build operations Thread 2" [_thread_blocked, id=12832, stack(0x0000000480500000,0x0000000480600000)]
  0x00000178827ded40 JavaThread "Unconstrained build operations Thread 3" [_thread_blocked, id=9980, stack(0x0000000480600000,0x0000000480700000)]
  0x00000178827e1d60 JavaThread "build event listener" [_thread_blocked, id=7656, stack(0x0000000480700000,0x0000000480800000)]
  0x00000178827e13c0 JavaThread "Memory manager" [_thread_blocked, id=16932, stack(0x0000000480800000,0x0000000480900000)]

Other Threads:
  0x00000178fa001870 VMThread "VM Thread" [stack: 0x00000004fd600000,0x00000004fd700000] [id=18764]
  0x00000178e0abba40 WatcherThread [stack: 0x00000004fe200000,0x00000004fe300000] [id=18728]
  0x00000178e0a9e840 GCTaskThread "GC Thread#0" [stack: 0x00000004fd100000,0x00000004fd200000] [id=9976]
  0x00000178fa85bd50 GCTaskThread "GC Thread#1" [stack: 0x00000004fe400000,0x00000004fe500000] [id=12472]
  0x00000178fa85c000 GCTaskThread "GC Thread#2" [stack: 0x00000004fe500000,0x00000004fe600000] [id=5096]
  0x00000178fae87830 GCTaskThread "GC Thread#3" [stack: 0x00000004fe600000,0x00000004fe700000] [id=9536]
  0x00000178e0aaf690 ConcurrentGCThread "G1 Main Marker" [stack: 0x00000004fd200000,0x00000004fd300000] [id=1864]
  0x00000178e0aaffb0 ConcurrentGCThread "G1 Conc#0" [stack: 0x00000004fd300000,0x00000004fd400000] [id=9020]
  0x00000178f9e700a0 ConcurrentGCThread "G1 Refine#0" [stack: 0x00000004fd400000,0x00000004fd500000] [id=14096]
  0x000001788152cfb0 ConcurrentGCThread "G1 Refine#1" [stack: 0x00000004ffb00000,0x00000004ffc00000] [id=3108]
  0x000001788004f500 ConcurrentGCThread "G1 Refine#2" [stack: 0x00000004ffc00000,0x00000004ffd00000] [id=17228]
  0x00000178f9e719e0 ConcurrentGCThread "G1 Service" [stack: 0x00000004fd500000,0x00000004fd600000] [id=14768]

Threads with active compile tasks:
C2 CompilerThread0    28710 7646       4       com.google.gson.stream.JsonReader::nextQuotedValue (271 bytes)

VM state: not at safepoint (normal execution)

VM Mutex/Monitor currently owned by a thread:  ([mutex/lock_event])
[0x00000178de86b500] Metaspace_lock - owner thread: 0x00000178ffe69a10

Heap address: 0x0000000080000000, size: 2048 MB, Compressed Oops mode: 32-bit

CDS archive(s) not mapped
Compressed class space mapped at: 0x0000000100000000-0x0000000140000000, reserved size: 1073741824
Narrow klass base: 0x0000000000000000, Narrow klass shift: 3, Narrow klass range: 0x140000000

GC Precious Log:
 CPUs: 4 total, 4 available
 Memory: 8056M
 Large Page Support: Disabled
 NUMA Support: Disabled
 Compressed Oops: Enabled (32-bit)
 Heap Region Size: 1M
 Heap Min Capacity: 8M
 Heap Initial Capacity: 126M
 Heap Max Capacity: 2G
 Pre-touch: Disabled
 Parallel Workers: 4
 Concurrent Workers: 1
 Concurrent Refinement Workers: 4
 Periodic GC: Disabled

Heap:
 garbage-first heap   total 109568K, used 71221K [0x0000000080000000, 0x0000000100000000)
  region size 1024K, 10 young (10240K), 1 survivors (1024K)
 Metaspace       used 76643K, committed 77248K, reserved 1179648K
  class space    used 10236K, committed 10496K, reserved 1048576K

Heap Regions: E=young(eden), S=young(survivor), O=old, HS=humongous(starts), HC=humongous(continues), CS=collection set, F=free, OA=open archive, CA=closed archive, TAMS=top-at-mark-start (previous, next)
|   0|0x0000000080000000, 0x0000000080100000, 0x0000000080100000|100%| O|  |TAMS 0x0000000080100000, 0x0000000080000000| Untracked 
|   1|0x0000000080100000, 0x0000000080200000, 0x0000000080200000|100%| O|  |TAMS 0x0000000080200000, 0x0000000080100000| Untracked 
|   2|0x0000000080200000, 0x0000000080300000, 0x0000000080300000|100%|HS|  |TAMS 0x0000000080300000, 0x0000000080200000| Complete 
|   3|0x0000000080300000, 0x0000000080400000, 0x0000000080400000|100%|HC|  |TAMS 0x0000000080400000, 0x0000000080300000| Complete 
|   4|0x0000000080400000, 0x0000000080500000, 0x0000000080500000|100%|HC|  |TAMS 0x0000000080500000, 0x0000000080400000| Complete 
|   5|0x0000000080500000, 0x0000000080600000, 0x0000000080600000|100%|HC|  |TAMS 0x0000000080600000, 0x0000000080500000| Complete 
|   6|0x0000000080600000, 0x0000000080700000, 0x0000000080700000|100%| O|  |TAMS 0x0000000080700000, 0x0000000080600000| Untracked 
|   7|0x0000000080700000, 0x0000000080800000, 0x0000000080800000|100%| O|  |TAMS 0x0000000080800000, 0x0000000080700000| Untracked 
|   8|0x0000000080800000, 0x0000000080900000, 0x0000000080900000|100%| O|  |TAMS 0x0000000080900000, 0x0000000080800000| Untracked 
|   9|0x0000000080900000, 0x0000000080a00000, 0x0000000080a00000|100%| O|  |TAMS 0x0000000080a00000, 0x0000000080900000| Untracked 
|  10|0x0000000080a00000, 0x0000000080b00000, 0x0000000080b00000|100%| O|  |TAMS 0x0000000080b00000, 0x0000000080a00000| Untracked 
|  11|0x0000000080b00000, 0x0000000080c00000, 0x0000000080c00000|100%|HS|  |TAMS 0x0000000080b00000, 0x0000000080b00000| Complete 
|  12|0x0000000080c00000, 0x0000000080d00000, 0x0000000080d00000|100%| O|  |TAMS 0x0000000080d00000, 0x0000000080c00000| Untracked 
|  13|0x0000000080d00000, 0x0000000080e00000, 0x0000000080e00000|100%| O|  |TAMS 0x0000000080e00000, 0x0000000080d00000| Untracked 
|  14|0x0000000080e00000, 0x0000000080f00000, 0x0000000080f00000|100%| O|  |TAMS 0x0000000080f00000, 0x0000000080e00000| Untracked 
|  15|0x0000000080f00000, 0x0000000081000000, 0x0000000081000000|100%| O|  |TAMS 0x0000000081000000, 0x0000000080f00000| Untracked 
|  16|0x0000000081000000, 0x0000000081100000, 0x0000000081100000|100%| O|  |TAMS 0x0000000081100000, 0x0000000081000000| Untracked 
|  17|0x0000000081100000, 0x0000000081200000, 0x0000000081200000|100%| O|  |TAMS 0x0000000081200000, 0x0000000081100000| Untracked 
|  18|0x0000000081200000, 0x0000000081300000, 0x0000000081300000|100%| O|  |TAMS 0x0000000081300000, 0x0000000081200000| Untracked 
|  19|0x0000000081300000, 0x0000000081400000, 0x0000000081400000|100%| O|  |TAMS 0x0000000081400000, 0x0000000081300000| Untracked 
|  20|0x0000000081400000, 0x0000000081500000, 0x0000000081500000|100%| O|  |TAMS 0x0000000081500000, 0x0000000081400000| Untracked 
|  21|0x0000000081500000, 0x0000000081600000, 0x0000000081600000|100%| O|  |TAMS 0x0000000081600000, 0x0000000081500000| Untracked 
|  22|0x0000000081600000, 0x0000000081700000, 0x0000000081700000|100%| O|  |TAMS 0x0000000081700000, 0x0000000081600000| Untracked 
|  23|0x0000000081700000, 0x0000000081800000, 0x0000000081800000|100%| O|  |TAMS 0x0000000081800000, 0x0000000081700000| Untracked 
|  24|0x0000000081800000, 0x0000000081900000, 0x0000000081900000|100%| O|  |TAMS 0x0000000081900000, 0x0000000081800000| Untracked 
|  25|0x0000000081900000, 0x0000000081a00000, 0x0000000081a00000|100%| O|  |TAMS 0x0000000081a00000, 0x0000000081900000| Untracked 
|  26|0x0000000081a00000, 0x0000000081b00000, 0x0000000081b00000|100%| O|  |TAMS 0x0000000081b00000, 0x0000000081a00000| Untracked 
|  27|0x0000000081b00000, 0x0000000081c00000, 0x0000000081c00000|100%| O|  |TAMS 0x0000000081c00000, 0x0000000081b00000| Untracked 
|  28|0x0000000081c00000, 0x0000000081d00000, 0x0000000081d00000|100%| O|  |TAMS 0x0000000081d00000, 0x0000000081c00000| Untracked 
|  29|0x0000000081d00000, 0x0000000081e00000, 0x0000000081e00000|100%| O|  |TAMS 0x0000000081e00000, 0x0000000081d00000| Untracked 
|  30|0x0000000081e00000, 0x0000000081f00000, 0x0000000081f00000|100%| O|  |TAMS 0x0000000081f00000, 0x0000000081e00000| Untracked 
|  31|0x0000000081f00000, 0x0000000082000000, 0x0000000082000000|100%| O|  |TAMS 0x0000000082000000, 0x0000000081f00000| Untracked 
|  32|0x0000000082000000, 0x0000000082100000, 0x0000000082100000|100%| O|  |TAMS 0x0000000082100000, 0x0000000082000000| Untracked 
|  33|0x0000000082100000, 0x0000000082200000, 0x0000000082200000|100%| O|  |TAMS 0x0000000082200000, 0x0000000082100000| Untracked 
|  34|0x0000000082200000, 0x0000000082300000, 0x0000000082300000|100%| O|  |TAMS 0x0000000082300000, 0x0000000082200000| Untracked 
|  35|0x0000000082300000, 0x0000000082400000, 0x0000000082400000|100%| O|  |TAMS 0x0000000082400000, 0x0000000082300000| Untracked 
|  36|0x0000000082400000, 0x0000000082500000, 0x0000000082500000|100%| O|  |TAMS 0x0000000082500000, 0x0000000082400000| Untracked 
|  37|0x0000000082500000, 0x0000000082600000, 0x0000000082600000|100%|HS|  |TAMS 0x0000000082600000, 0x0000000082500000| Complete 
|  38|0x0000000082600000, 0x0000000082700000, 0x0000000082700000|100%|HS|  |TAMS 0x0000000082700000, 0x0000000082600000| Complete 
|  39|0x0000000082700000, 0x0000000082800000, 0x0000000082800000|100%|HS|  |TAMS 0x0000000082800000, 0x0000000082700000| Complete 
|  40|0x0000000082800000, 0x0000000082900000, 0x0000000082900000|100%| O|  |TAMS 0x0000000082900000, 0x0000000082800000| Untracked 
|  41|0x0000000082900000, 0x0000000082a00000, 0x0000000082a00000|100%| O|  |TAMS 0x0000000082a00000, 0x0000000082900000| Untracked 
|  42|0x0000000082a00000, 0x0000000082b00000, 0x0000000082b00000|100%| O|  |TAMS 0x0000000082b00000, 0x0000000082a00000| Untracked 
|  43|0x0000000082b00000, 0x0000000082c00000, 0x0000000082c00000|100%|HS|  |TAMS 0x0000000082c00000, 0x0000000082b00000| Complete 
|  44|0x0000000082c00000, 0x0000000082d00000, 0x0000000082d00000|100%| O|  |TAMS 0x0000000082d00000, 0x0000000082c00000| Untracked 
|  45|0x0000000082d00000, 0x0000000082e00000, 0x0000000082e00000|100%| O|  |TAMS 0x0000000082e00000, 0x0000000082d00000| Untracked 
|  46|0x0000000082e00000, 0x0000000082f00000, 0x0000000082f00000|100%| O|  |TAMS 0x0000000082f00000, 0x0000000082e00000| Untracked 
|  47|0x0000000082f00000, 0x0000000083000000, 0x0000000083000000|100%|HS|  |TAMS 0x0000000083000000, 0x0000000082f00000| Complete 
|  48|0x0000000083000000, 0x0000000083100000, 0x0000000083100000|100%| O|  |TAMS 0x0000000083100000, 0x0000000083000000| Untracked 
|  49|0x0000000083100000, 0x0000000083200000, 0x0000000083200000|100%| O|  |TAMS 0x0000000083200000, 0x0000000083100000| Untracked 
|  50|0x0000000083200000, 0x0000000083300000, 0x0000000083300000|100%| O|  |TAMS 0x0000000083300000, 0x0000000083200000| Untracked 
|  51|0x0000000083300000, 0x0000000083400000, 0x0000000083400000|100%| O|  |TAMS 0x0000000083400000, 0x0000000083300000| Untracked 
|  52|0x0000000083400000, 0x0000000083500000, 0x0000000083500000|100%| O|  |TAMS 0x0000000083500000, 0x0000000083400000| Untracked 
|  53|0x0000000083500000, 0x0000000083600000, 0x0000000083600000|100%| O|  |TAMS 0x0000000083600000, 0x0000000083500000| Untracked 
|  54|0x0000000083600000, 0x0000000083700000, 0x0000000083700000|100%| O|  |TAMS 0x0000000083700000, 0x0000000083600000| Untracked 
|  55|0x0000000083700000, 0x0000000083800000, 0x0000000083800000|100%| O|  |TAMS 0x0000000083800000, 0x0000000083700000| Untracked 
|  56|0x0000000083800000, 0x0000000083900000, 0x0000000083900000|100%| O|  |TAMS 0x0000000083900000, 0x0000000083800000| Untracked 
|  57|0x0000000083900000, 0x0000000083a00000, 0x0000000083a00000|100%| O|  |TAMS 0x0000000083a00000, 0x0000000083900000| Untracked 
|  58|0x0000000083a00000, 0x0000000083b00000, 0x0000000083b00000|100%| O|  |TAMS 0x0000000083b00000, 0x0000000083a00000| Untracked 
|  59|0x0000000083b00000, 0x0000000083c00000, 0x0000000083c00000|100%| O|  |TAMS 0x0000000083c00000, 0x0000000083b00000| Untracked 
|  60|0x0000000083c00000, 0x0000000083ca6200, 0x0000000083d00000| 64%| O|  |TAMS 0x0000000083ca6200, 0x0000000083c00000| Untracked 
|  61|0x0000000083d00000, 0x0000000083d00000, 0x0000000083e00000|  0%| F|  |TAMS 0x0000000083d00000, 0x0000000083d00000| Untracked 
|  62|0x0000000083e00000, 0x0000000083e00000, 0x0000000083f00000|  0%| F|  |TAMS 0x0000000083e00000, 0x0000000083e00000| Untracked 
|  63|0x0000000083f00000, 0x0000000083f00000, 0x0000000084000000|  0%| F|  |TAMS 0x0000000083f00000, 0x0000000083f00000| Untracked 
|  64|0x0000000084000000, 0x0000000084000000, 0x0000000084100000|  0%| F|  |TAMS 0x0000000084000000, 0x0000000084000000| Untracked 
|  65|0x0000000084100000, 0x0000000084100000, 0x0000000084200000|  0%| F|  |TAMS 0x0000000084100000, 0x0000000084100000| Untracked 
|  66|0x0000000084200000, 0x0000000084200000, 0x0000000084300000|  0%| F|  |TAMS 0x0000000084200000, 0x0000000084200000| Untracked 
|  67|0x0000000084300000, 0x0000000084300000, 0x0000000084400000|  0%| F|  |TAMS 0x0000000084300000, 0x0000000084300000| Untracked 
|  68|0x0000000084400000, 0x0000000084400000, 0x0000000084500000|  0%| F|  |TAMS 0x0000000084400000, 0x0000000084400000| Untracked 
|  69|0x0000000084500000, 0x0000000084500000, 0x0000000084600000|  0%| F|  |TAMS 0x0000000084500000, 0x0000000084500000| Untracked 
|  70|0x0000000084600000, 0x0000000084600000, 0x0000000084700000|  0%| F|  |TAMS 0x0000000084600000, 0x0000000084600000| Untracked 
|  71|0x0000000084700000, 0x0000000084700000, 0x0000000084800000|  0%| F|  |TAMS 0x0000000084700000, 0x0000000084700000| Untracked 
|  72|0x0000000084800000, 0x0000000084800000, 0x0000000084900000|  0%| F|  |TAMS 0x0000000084800000, 0x0000000084800000| Untracked 
|  73|0x0000000084900000, 0x0000000084900000, 0x0000000084a00000|  0%| F|  |TAMS 0x0000000084900000, 0x0000000084900000| Untracked 
|  74|0x0000000084a00000, 0x0000000084a00000, 0x0000000084b00000|  0%| F|  |TAMS 0x0000000084a00000, 0x0000000084a00000| Untracked 
|  75|0x0000000084b00000, 0x0000000084b00000, 0x0000000084c00000|  0%| F|  |TAMS 0x0000000084b00000, 0x0000000084b00000| Untracked 
|  76|0x0000000084c00000, 0x0000000084c00000, 0x0000000084d00000|  0%| F|  |TAMS 0x0000000084c00000, 0x0000000084c00000| Untracked 
|  77|0x0000000084d00000, 0x0000000084d00000, 0x0000000084e00000|  0%| F|  |TAMS 0x0000000084d00000, 0x0000000084d00000| Untracked 
|  78|0x0000000084e00000, 0x0000000084e00000, 0x0000000084f00000|  0%| F|  |TAMS 0x0000000084e00000, 0x0000000084e00000| Untracked 
|  79|0x0000000084f00000, 0x0000000084f00000, 0x0000000085000000|  0%| F|  |TAMS 0x0000000084f00000, 0x0000000084f00000| Untracked 
|  80|0x0000000085000000, 0x0000000085000000, 0x0000000085100000|  0%| F|  |TAMS 0x0000000085000000, 0x0000000085000000| Untracked 
|  81|0x0000000085100000, 0x0000000085100000, 0x0000000085200000|  0%| F|  |TAMS 0x0000000085100000, 0x0000000085100000| Untracked 
|  82|0x0000000085200000, 0x0000000085200000, 0x0000000085300000|  0%| F|  |TAMS 0x0000000085200000, 0x0000000085200000| Untracked 
|  83|0x0000000085300000, 0x0000000085300000, 0x0000000085400000|  0%| F|  |TAMS 0x0000000085300000, 0x0000000085300000| Untracked 
|  84|0x0000000085400000, 0x0000000085400000, 0x0000000085500000|  0%| F|  |TAMS 0x0000000085400000, 0x0000000085400000| Untracked 
|  85|0x0000000085500000, 0x0000000085500000, 0x0000000085600000|  0%| F|  |TAMS 0x0000000085500000, 0x0000000085500000| Untracked 
|  86|0x0000000085600000, 0x0000000085600000, 0x0000000085700000|  0%| F|  |TAMS 0x0000000085600000, 0x0000000085600000| Untracked 
|  87|0x0000000085700000, 0x0000000085700000, 0x0000000085800000|  0%| F|  |TAMS 0x0000000085700000, 0x0000000085700000| Untracked 
|  88|0x0000000085800000, 0x0000000085800000, 0x0000000085900000|  0%| F|  |TAMS 0x0000000085800000, 0x0000000085800000| Untracked 
|  89|0x0000000085900000, 0x0000000085900000, 0x0000000085a00000|  0%| F|  |TAMS 0x0000000085900000, 0x0000000085900000| Untracked 
|  90|0x0000000085a00000, 0x0000000085a00000, 0x0000000085b00000|  0%| F|  |TAMS 0x0000000085a00000, 0x0000000085a00000| Untracked 
|  91|0x0000000085b00000, 0x0000000085b00000, 0x0000000085c00000|  0%| F|  |TAMS 0x0000000085b00000, 0x0000000085b00000| Untracked 
|  92|0x0000000085c00000, 0x0000000085c00000, 0x0000000085d00000|  0%| F|  |TAMS 0x0000000085c00000, 0x0000000085c00000| Untracked 
|  93|0x0000000085d00000, 0x0000000085de75b0, 0x0000000085e00000| 90%| S|CS|TAMS 0x0000000085d00000, 0x0000000085d00000| Complete 
|  94|0x0000000085e00000, 0x0000000085e00000, 0x0000000085f00000|  0%| F|  |TAMS 0x0000000085e00000, 0x0000000085e00000| Untracked 
|  95|0x0000000085f00000, 0x0000000085f00000, 0x0000000086000000|  0%| F|  |TAMS 0x0000000085f00000, 0x0000000085f00000| Untracked 
|  96|0x0000000086000000, 0x0000000086000000, 0x0000000086100000|  0%| F|  |TAMS 0x0000000086000000, 0x0000000086000000| Untracked 
|  97|0x0000000086100000, 0x0000000086100000, 0x0000000086200000|  0%| F|  |TAMS 0x0000000086100000, 0x0000000086100000| Untracked 
|  98|0x0000000086200000, 0x00000000862baa88, 0x0000000086300000| 72%| E|  |TAMS 0x0000000086200000, 0x0000000086200000| Complete 
|  99|0x0000000086300000, 0x0000000086400000, 0x0000000086400000|100%| E|CS|TAMS 0x0000000086300000, 0x0000000086300000| Complete 
| 100|0x0000000086400000, 0x0000000086500000, 0x0000000086500000|100%| E|CS|TAMS 0x0000000086400000, 0x0000000086400000| Complete 
| 101|0x0000000086500000, 0x0000000086600000, 0x0000000086600000|100%| E|CS|TAMS 0x0000000086500000, 0x0000000086500000| Complete 
| 102|0x0000000086600000, 0x0000000086700000, 0x0000000086700000|100%| E|CS|TAMS 0x0000000086600000, 0x0000000086600000| Complete 
| 103|0x0000000086700000, 0x0000000086800000, 0x0000000086800000|100%| E|CS|TAMS 0x0000000086700000, 0x0000000086700000| Complete 
| 104|0x0000000086800000, 0x0000000086900000, 0x0000000086900000|100%| E|CS|TAMS 0x0000000086800000, 0x0000000086800000| Complete 
| 105|0x0000000086900000, 0x0000000086a00000, 0x0000000086a00000|100%| E|CS|TAMS 0x0000000086900000, 0x0000000086900000| Complete 
| 125|0x0000000087d00000, 0x0000000087e00000, 0x0000000087e00000|100%| E|CS|TAMS 0x0000000087d00000, 0x0000000087d00000| Complete 

Card table byte_map: [0x00000178f3320000,0x00000178f3720000] _byte_map_base: 0x00000178f2f20000

Marking Bits (Prev, Next): (CMBitMap*) 0x00000178e0a9eda0, (CMBitMap*) 0x00000178e0a9ed60
 Prev Bits: [0x00000178f5b20000, 0x00000178f7b20000)
 Next Bits: [0x00000178f3b20000, 0x00000178f5b20000)

Polling page: 0x00000178de9b0000

Metaspace:

Usage:
  Non-class:     64.85 MB used.
      Class:     10.00 MB used.
       Both:     74.85 MB used.

Virtual space:
  Non-class space:      128.00 MB reserved,      65.19 MB ( 51%) committed,  2 nodes.
      Class space:        1.00 GB reserved,      10.25 MB (  1%) committed,  1 nodes.
             Both:        1.12 GB reserved,      75.44 MB (  7%) committed. 

Chunk freelists:
   Non-Class:  14.77 MB
       Class:  5.67 MB
        Both:  20.44 MB

MaxMetaspaceSize: unlimited
CompressedClassSpaceSize: 1.00 GB
Initial GC threshold: 21.00 MB
Current GC threshold: 125.12 MB
CDS: off
MetaspaceReclaimPolicy: balanced
 - commit_granule_bytes: 65536.
 - commit_granule_words: 8192.
 - virtual_space_node_default_size: 8388608.
 - enlarge_chunks_in_place: 1.
 - new_chunks_are_fully_committed: 0.
 - uncommit_free_chunks: 1.
 - use_allocation_guard: 0.
 - handle_deallocations: 1.


Internal statistics:

num_allocs_failed_limit: 6.
num_arena_births: 762.
num_arena_deaths: 0.
num_vsnodes_births: 3.
num_vsnodes_deaths: 0.
num_space_committed: 1207.
num_space_uncommitted: 0.
num_chunks_returned_to_freelist: 6.
num_chunks_taken_from_freelist: 3352.
num_chunk_merges: 6.
num_chunk_splits: 2289.
num_chunks_enlarged: 1604.
num_inconsistent_stats: 0.

CodeHeap 'non-profiled nmethods': size=120000Kb used=3799Kb max_used=3799Kb free=116200Kb
 bounds [0x00000178eb9f0000, 0x00000178ebdb0000, 0x00000178f2f20000]
CodeHeap 'profiled nmethods': size=120000Kb used=13320Kb max_used=13320Kb free=106679Kb
 bounds [0x00000178e3f20000, 0x00000178e4c30000, 0x00000178eb450000]
CodeHeap 'non-nmethods': size=5760Kb used=2369Kb max_used=2427Kb free=3390Kb
 bounds [0x00000178eb450000, 0x00000178eb6d0000, 0x00000178eb9f0000]
 total_blobs=7785 nmethods=6884 adapters=813
 compilation: enabled
              stopped_count=0, restarted_count=0
 full_count=0

Compilation events (20 events):
Event: 28.120 Thread 0x00000178fa02ada0 7655       3       com.google.gson.internal.UnsafeAllocator::assertInstantiable (37 bytes)
Event: 28.120 Thread 0x00000178fa02ada0 nmethod 7655 0x00000178e4bf8890 code [0x00000178e4bf8ac0, 0x00000178e4bf9148]
Event: 28.120 Thread 0x00000178fa02ada0 7657       3       sun.misc.Unsafe::allocateInstance (8 bytes)
Event: 28.120 Thread 0x00000178fa02ada0 nmethod 7657 0x00000178e4bf9410 code [0x00000178e4bf95c0, 0x00000178e4bf9708]
Event: 28.120 Thread 0x00000178fa02ada0 7658       3       com.google.gson.stream.JsonReader::endObject (100 bytes)
Event: 28.121 Thread 0x00000178fa02ada0 nmethod 7658 0x00000178e4bf9790 code [0x00000178e4bf9a40, 0x00000178e4bfa738]
Event: 28.121 Thread 0x00000178fa02ada0 7660       3       com.google.gson.internal.bind.ReflectiveTypeAdapterFactory$FieldReflectionAdapter::finalize (2 bytes)
Event: 28.121 Thread 0x00000178fa02ada0 nmethod 7660 0x00000178e4bfab90 code [0x00000178e4bfad20, 0x00000178e4bfae38]
Event: 28.121 Thread 0x00000178fa02ada0 7661   !   3       jdk.internal.reflect.GeneratedMethodAccessor15::invoke (65 bytes)
Event: 28.122 Thread 0x00000178fa02ada0 nmethod 7661 0x00000178e4bfaf10 code [0x00000178e4bfb140, 0x00000178e4bfb8d8]
Event: 28.122 Thread 0x00000178fa02ada0 7659       3       com.google.gson.internal.bind.TypeAdapterRuntimeTypeWrapper::read (9 bytes)
Event: 28.122 Thread 0x00000178fa02ada0 nmethod 7659 0x00000178e4bfbc90 code [0x00000178e4bfbe40, 0x00000178e4bfc008]
Event: 28.126 Thread 0x00000178fa02ada0 7662       3       com.google.gson.stream.JsonReader$1::promoteNameToValue (112 bytes)
Event: 28.127 Thread 0x00000178fa02ada0 nmethod 7662 0x00000178e4bfc110 code [0x00000178e4bfc3e0, 0x00000178e4bfd308]
Event: 28.132 Thread 0x00000178fa02ada0 7664   !   3       java.io.StringReader::read (105 bytes)
Event: 28.132 Thread 0x00000178fa02ada0 nmethod 7664 0x00000178e4bfd710 code [0x00000178e4bfd940, 0x00000178e4bfe0e8]
Event: 28.132 Thread 0x00000178fa02ada0 7665       3       java.io.StringReader::ensureOpen (18 bytes)
Event: 28.133 Thread 0x00000178fa02ada0 nmethod 7665 0x00000178e4bfe510 code [0x00000178e4bfe6c0, 0x00000178e4bfe8c8]
Event: 28.133 Thread 0x00000178fa02ada0 7666       3       com.google.gson.stream.JsonReader::fillBuffer (169 bytes)
Event: 28.133 Thread 0x00000178fa02ada0 nmethod 7666 0x00000178e4bfe990 code [0x00000178e4bfeb60, 0x00000178e4bff0b8]

GC Heap History (20 events):
Event: 17.805 GC heap before
{Heap before GC invocations=33 (full 0):
 garbage-first heap   total 92160K, used 70794K [0x0000000080000000, 0x0000000100000000)
  region size 1024K, 22 young (22528K), 2 survivors (2048K)
 Metaspace       used 63057K, committed 63616K, reserved 1114112K
  class space    used 8439K, committed 8704K, reserved 1048576K
}
Event: 17.810 GC heap after
{Heap after GC invocations=34 (full 0):
 garbage-first heap   total 92160K, used 51249K [0x0000000080000000, 0x0000000100000000)
  region size 1024K, 3 young (3072K), 3 survivors (3072K)
 Metaspace       used 63057K, committed 63616K, reserved 1114112K
  class space    used 8439K, committed 8704K, reserved 1048576K
}
Event: 19.646 GC heap before
{Heap before GC invocations=35 (full 0):
 garbage-first heap   total 92160K, used 64561K [0x0000000080000000, 0x0000000100000000)
  region size 1024K, 17 young (17408K), 3 survivors (3072K)
 Metaspace       used 65342K, committed 65920K, reserved 1114112K
  class space    used 8723K, committed 9024K, reserved 1048576K
}
Event: 19.652 GC heap after
{Heap after GC invocations=36 (full 0):
 garbage-first heap   total 92160K, used 52940K [0x0000000080000000, 0x0000000100000000)
  region size 1024K, 3 young (3072K), 3 survivors (3072K)
 Metaspace       used 65342K, committed 65920K, reserved 1114112K
  class space    used 8723K, committed 9024K, reserved 1048576K
}
Event: 19.818 GC heap before
{Heap before GC invocations=37 (full 0):
 garbage-first heap   total 97280K, used 65228K [0x0000000080000000, 0x0000000100000000)
  region size 1024K, 12 young (12288K), 3 survivors (3072K)
 Metaspace       used 65347K, committed 65920K, reserved 1114112K
  class space    used 8723K, committed 9024K, reserved 1048576K
}
Event: 19.823 GC heap after
{Heap after GC invocations=38 (full 0):
 garbage-first heap   total 97280K, used 58762K [0x0000000080000000, 0x0000000100000000)
  region size 1024K, 3 young (3072K), 3 survivors (3072K)
 Metaspace       used 65347K, committed 65920K, reserved 1114112K
  class space    used 8723K, committed 9024K, reserved 1048576K
}
Event: 20.315 GC heap before
{Heap before GC invocations=39 (full 0):
 garbage-first heap   total 109568K, used 76170K [0x0000000080000000, 0x0000000100000000)
  region size 1024K, 18 young (18432K), 3 survivors (3072K)
 Metaspace       used 66361K, committed 67008K, reserved 1114112K
  class space    used 8866K, committed 9152K, reserved 1048576K
}
Event: 20.319 GC heap after
{Heap after GC invocations=40 (full 0):
 garbage-first heap   total 109568K, used 56056K [0x0000000080000000, 0x0000000100000000)
  region size 1024K, 2 young (2048K), 2 survivors (2048K)
 Metaspace       used 66361K, committed 67008K, reserved 1114112K
  class space    used 8866K, committed 9152K, reserved 1048576K
}
Event: 21.176 GC heap before
{Heap before GC invocations=40 (full 0):
 garbage-first heap   total 109568K, used 79608K [0x0000000080000000, 0x0000000100000000)
  region size 1024K, 25 young (25600K), 2 survivors (2048K)
 Metaspace       used 68151K, committed 68736K, reserved 1114112K
  class space    used 9104K, committed 9408K, reserved 1048576K
}
Event: 21.187 GC heap after
{Heap after GC invocations=41 (full 0):
 garbage-first heap   total 109568K, used 57389K [0x0000000080000000, 0x0000000100000000)
  region size 1024K, 4 young (4096K), 4 survivors (4096K)
 Metaspace       used 68151K, committed 68736K, reserved 1114112K
  class space    used 9104K, committed 9408K, reserved 1048576K
}
Event: 23.274 GC heap before
{Heap before GC invocations=42 (full 0):
 garbage-first heap   total 109568K, used 80941K [0x0000000080000000, 0x0000000100000000)
  region size 1024K, 28 young (28672K), 4 survivors (4096K)
 Metaspace       used 70440K, committed 71040K, reserved 1114112K
  class space    used 9429K, committed 9728K, reserved 1048576K
}
Event: 23.279 GC heap after
{Heap after GC invocations=43 (full 0):
 garbage-first heap   total 109568K, used 58351K [0x0000000080000000, 0x0000000100000000)
  region size 1024K, 3 young (3072K), 3 survivors (3072K)
 Metaspace       used 70440K, committed 71040K, reserved 1114112K
  class space    used 9429K, committed 9728K, reserved 1048576K
}
Event: 25.635 GC heap before
{Heap before GC invocations=43 (full 0):
 garbage-first heap   total 109568K, used 84975K [0x0000000080000000, 0x0000000100000000)
  region size 1024K, 29 young (29696K), 3 survivors (3072K)
 Metaspace       used 73735K, committed 74368K, reserved 1114112K
  class space    used 9851K, committed 10176K, reserved 1048576K
}
Event: 25.643 GC heap after
{Heap after GC invocations=44 (full 0):
 garbage-first heap   total 109568K, used 59686K [0x0000000080000000, 0x0000000100000000)
  region size 1024K, 3 young (3072K), 3 survivors (3072K)
 Metaspace       used 73735K, committed 74368K, reserved 1114112K
  class space    used 9851K, committed 10176K, reserved 1048576K
}
Event: 27.326 GC heap before
{Heap before GC invocations=45 (full 0):
 garbage-first heap   total 109568K, used 84262K [0x0000000080000000, 0x0000000100000000)
  region size 1024K, 28 young (28672K), 3 survivors (3072K)
 Metaspace       used 75200K, committed 75776K, reserved 1179648K
  class space    used 10041K, committed 10304K, reserved 1048576K
}
Event: 27.335 GC heap after
{Heap after GC invocations=46 (full 0):
 garbage-first heap   total 109568K, used 61411K [0x0000000080000000, 0x0000000100000000)
  region size 1024K, 4 young (4096K), 4 survivors (4096K)
 Metaspace       used 75200K, committed 75776K, reserved 1179648K
  class space    used 10041K, committed 10304K, reserved 1048576K
}
Event: 27.363 GC heap before
{Heap before GC invocations=46 (full 0):
 garbage-first heap   total 109568K, used 62435K [0x0000000080000000, 0x0000000100000000)
  region size 1024K, 5 young (5120K), 4 survivors (4096K)
 Metaspace       used 75208K, committed 75776K, reserved 1179648K
  class space    used 10042K, committed 10304K, reserved 1048576K
}
Event: 27.370 GC heap after
{Heap after GC invocations=47 (full 0):
 garbage-first heap   total 109568K, used 61795K [0x0000000080000000, 0x0000000100000000)
  region size 1024K, 1 young (1024K), 1 survivors (1024K)
 Metaspace       used 75208K, committed 75776K, reserved 1179648K
  class space    used 10042K, committed 10304K, reserved 1048576K
}
Event: 27.983 GC heap before
{Heap before GC invocations=47 (full 0):
 garbage-first heap   total 109568K, used 72035K [0x0000000080000000, 0x0000000100000000)
  region size 1024K, 13 young (13312K), 1 survivors (1024K)
 Metaspace       used 76051K, committed 76608K, reserved 1179648K
  class space    used 10167K, committed 10432K, reserved 1048576K
}
Event: 27.985 GC heap after
{Heap after GC invocations=48 (full 0):
 garbage-first heap   total 109568K, used 62005K [0x0000000080000000, 0x0000000100000000)
  region size 1024K, 1 young (1024K), 1 survivors (1024K)
 Metaspace       used 76051K, committed 76608K, reserved 1179648K
  class space    used 10167K, committed 10432K, reserved 1048576K
}

Dll operation events (3 events):
Event: 0.012 Loaded shared library C:\Program Files\Android\Android Studio1\jbr\bin\java.dll
Event: 0.153 Loaded shared library C:\Program Files\Android\Android Studio1\jbr\bin\zip.dll
Event: 0.996 Loaded shared library C:\Program Files\Android\Android Studio1\jbr\bin\verify.dll

Deoptimization events (20 events):
Event: 25.495 Thread 0x00000178ffe69a10 DEOPT PACKING pc=0x00000178ebd72a2c sp=0x00000004fedf8030
Event: 25.496 Thread 0x00000178ffe69a10 DEOPT UNPACKING pc=0x00000178eb4a69a3 sp=0x00000004fedf7f18 mode 2
Event: 25.980 Thread 0x0000017881648c60 Uncommon trap: trap_request=0xffffff45 fr.pc=0x00000178ebcbbf58 relative=0x0000000000000218
Event: 25.980 Thread 0x0000017881648c60 Uncommon trap: reason=unstable_if action=reinterpret pc=0x00000178ebcbbf58 method=com.esotericsoftware.kryo.io.Input.readVarInt(Z)I @ 42 c2
Event: 25.980 Thread 0x0000017881648c60 DEOPT PACKING pc=0x00000178ebcbbf58 sp=0x00000004ffffe740
Event: 25.980 Thread 0x0000017881648c60 DEOPT UNPACKING pc=0x00000178eb4a69a3 sp=0x00000004ffffe630 mode 2
Event: 26.700 Thread 0x00000178ffe69a10 Uncommon trap: trap_request=0xffffff45 fr.pc=0x00000178ebafd3dc relative=0x0000000000001a1c
Event: 26.700 Thread 0x00000178ffe69a10 Uncommon trap: reason=unstable_if action=reinterpret pc=0x00000178ebafd3dc method=java.net.URLClassLoader.getAndVerifyPackage(Ljava/lang/String;Ljava/util/jar/Manifest;Ljava/net/URL;)Ljava/lang/Package; @ 62 c2
Event: 26.700 Thread 0x00000178ffe69a10 DEOPT PACKING pc=0x00000178ebafd3dc sp=0x00000004fedf8150
Event: 26.701 Thread 0x00000178ffe69a10 DEOPT UNPACKING pc=0x00000178eb4a69a3 sp=0x00000004fedf8158 mode 2
Event: 27.526 Thread 0x00000178ffe69a10 Uncommon trap: trap_request=0xffffff45 fr.pc=0x00000178ebd9b624 relative=0x00000000000003e4
Event: 27.526 Thread 0x00000178ffe69a10 Uncommon trap: reason=unstable_if action=reinterpret pc=0x00000178ebd9b624 method=java.lang.StringConcatHelper.simpleConcat(Ljava/lang/Object;Ljava/lang/Object;)Ljava/lang/String; @ 30 c2
Event: 27.526 Thread 0x00000178ffe69a10 DEOPT PACKING pc=0x00000178ebd9b624 sp=0x00000004fedf8250
Event: 27.526 Thread 0x00000178ffe69a10 DEOPT UNPACKING pc=0x00000178eb4a69a3 sp=0x00000004fedf8208 mode 2
Event: 27.986 Thread 0x00000178ffe69a10 DEOPT PACKING pc=0x00000178e43ee44b sp=0x00000004fedf74b0
Event: 27.986 Thread 0x00000178ffe69a10 DEOPT UNPACKING pc=0x00000178eb4a7143 sp=0x00000004fedf6960 mode 0
Event: 27.987 Thread 0x00000178ffe69a10 DEOPT PACKING pc=0x00000178e43ee44b sp=0x00000004fedf74b0
Event: 27.987 Thread 0x00000178ffe69a10 DEOPT UNPACKING pc=0x00000178eb4a7143 sp=0x00000004fedf6960 mode 0
Event: 27.987 Thread 0x00000178ffe69a10 DEOPT PACKING pc=0x00000178e43ee44b sp=0x00000004fedf74b0
Event: 27.987 Thread 0x00000178ffe69a10 DEOPT UNPACKING pc=0x00000178eb4a7143 sp=0x00000004fedf6960 mode 0

Classes unloaded (0 events):
No events

Classes redefined (0 events):
No events

Internal exceptions (20 events):
Event: 13.256 Thread 0x00000178fffcab00 Exception <a 'java/lang/NoSuchMethodError'{0x0000000084f88770}: static Lorg/gradle/internal/build/event/types/AbstractProjectConfigurationResult;.<clinit>()V> (0x0000000084f88770) 
thrown [s\src\hotspot\share\prims\jni.cpp, line 1108]
Event: 13.257 Thread 0x00000178fffcab00 Exception <a 'java/lang/NoSuchMethodError'{0x0000000084f89eb8}: static Lorg/gradle/internal/build/event/types/AbstractOperationResult;.<clinit>()V> (0x0000000084f89eb8) 
thrown [s\src\hotspot\share\prims\jni.cpp, line 1108]
Event: 13.258 Thread 0x00000178fffcab00 Exception <a 'java/lang/NoSuchMethodError'{0x0000000084f8bd88}: static Lorg/gradle/internal/build/event/types/AbstractResult;.<clinit>()V> (0x0000000084f8bd88) 
thrown [s\src\hotspot\share\prims\jni.cpp, line 1108]
Event: 13.264 Thread 0x00000178fffcab00 Exception <a 'java/lang/NoSuchMethodError'{0x0000000084fa49f8}: static Lorg/gradle/internal/build/event/types/DefaultPluginApplicationResult;.<clinit>()V> (0x0000000084fa49f8) 
thrown [s\src\hotspot\share\prims\jni.cpp, line 1108]
Event: 13.271 Thread 0x00000178fffcab00 Exception <a 'java/lang/NoSuchMethodError'{0x0000000084e168a0}: static Lorg/gradle/internal/build/event/types/DefaultBinaryPluginIdentifier;.<clinit>()V> (0x0000000084e168a0) 
thrown [s\src\hotspot\share\prims\jni.cpp, line 1108]
Event: 13.276 Thread 0x00000178fffcab00 Exception <a 'java/lang/NoSuchMethodError'{0x0000000084e41700}: static Lorg/gradle/internal/build/event/types/DefaultScriptPluginIdentifier;.<clinit>()V> (0x0000000084e41700) 
thrown [s\src\hotspot\share\prims\jni.cpp, line 1108]
Event: 13.359 Thread 0x00000178ffe69a10 Implicit null exception at 0x00000178ebcbae92 to 0x00000178ebcbb530
Event: 13.767 Thread 0x00000178ffe69a10 Exception <a 'java/lang/ClassNotFoundException'{0x0000000084ffdc60}: sun/misc/SharedSecrets> (0x0000000084ffdc60) 
thrown [s\src\hotspot\share\classfile\systemDictionary.cpp, line 256]
Event: 13.767 Thread 0x00000178ffe69a10 Exception <a 'java/lang/ClassNotFoundException'{0x0000000084fff238}: org/gradle/api/internal/plugins/DefaultObjectConfigurationActionBeanInfo> (0x0000000084fff238) 
thrown [s\src\hotspot\share\classfile\systemDictionary.cpp, line 256]
Event: 13.768 Thread 0x00000178ffe69a10 Exception <a 'java/lang/ClassNotFoundException'{0x0000000084e14188}: org/gradle/api/internal/plugins/DefaultObjectConfigurationActionCustomizer> (0x0000000084e14188) 
thrown [s\src\hotspot\share\classfile\systemDictionary.cpp, line 256]
Event: 14.582 Thread 0x00000178ffe69a10 Exception <a 'java/lang/NoSuchMethodError'{0x0000000084da1b28}: 'java.lang.Object java.lang.invoke.DirectMethodHandle$Holder.newInvokeSpecial(java.lang.Object, java.lang.Object, java.lang.Object, java.lang.Object, int)'> (0x0000000084da1b28) 
thrown [s\src\hotspot\share\interpreter\linkResolver.cpp, line 771]
Event: 14.583 Thread 0x00000178ffe69a10 Exception <a 'java/lang/NoSuchMethodError'{0x0000000084da6f70}: 'java.lang.Object java.lang.invoke.DirectMethodHandle$Holder.invokeSpecial(java.lang.Object, java.lang.Object, java.lang.Object, java.lang.Object, java.lang.Object, int)'> (0x0000000084da6f70) 
thrown [s\src\hotspot\share\interpreter\linkResolver.cpp, line 771]
Event: 14.583 Thread 0x00000178ffe69a10 Exception <a 'java/lang/NoSuchMethodError'{0x0000000084dabcf0}: 'java.lang.Object java.lang.invoke.Invokers$Holder.linkToTargetMethod(java.lang.Object, java.lang.Object, java.lang.Object, int, java.lang.Object)'> (0x0000000084dabcf0) 
thrown [s\src\hotspot\share\interpreter\linkResolver.cpp, line 771]
Event: 15.623 Thread 0x00000178ffe69a10 Exception <a 'java/lang/NoSuchMethodError'{0x000000008490eee0}: 'int java.lang.invoke.DirectMethodHandle$Holder.invokeInterface(java.lang.Object, java.lang.Object, java.lang.Object, java.lang.Object)'> (0x000000008490eee0) 
thrown [s\src\hotspot\share\interpreter\linkResolver.cpp, line 771]
Event: 17.605 Thread 0x00000178ffe69a10 Exception <a 'java/lang/IncompatibleClassChangeError'{0x00000000845eb7d8}: Found class java.lang.Object, but interface was expected> (0x00000000845eb7d8) 
thrown [s\src\hotspot\share\interpreter\linkResolver.cpp, line 838]
Event: 17.913 Thread 0x00000178ffe69a10 Implicit null exception at 0x00000178ebcaec54 to 0x00000178ebcaee00
Event: 17.913 Thread 0x00000178ffe69a10 Implicit null exception at 0x00000178ebc18306 to 0x00000178ebc18a04
Event: 19.335 Thread 0x00000178ffe69a10 Implicit null exception at 0x00000178ebb9a50c to 0x00000178ebb9a646
Event: 19.899 Thread 0x00000178ffe69a10 Exception <a 'sun/nio/fs/WindowsException'{0x0000000085b44460}> (0x0000000085b44460) 
thrown [s\src\hotspot\share\prims\jni.cpp, line 517]
Event: 22.802 Thread 0x00000178ffe69a10 Implicit null exception at 0x00000178eba95349 to 0x00000178eba9541c

VM Operations (20 events):
Event: 25.291 Executing VM operation: Cleanup
Event: 25.291 Executing VM operation: Cleanup done
Event: 25.635 Executing VM operation: G1CollectForAllocation
Event: 25.643 Executing VM operation: G1CollectForAllocation done
Event: 25.737 Executing VM operation: G1Concurrent
Event: 25.762 Executing VM operation: G1Concurrent done
Event: 25.809 Executing VM operation: G1Concurrent
Event: 25.813 Executing VM operation: G1Concurrent done
Event: 26.721 Executing VM operation: ICBufferFull
Event: 26.721 Executing VM operation: ICBufferFull done
Event: 26.811 Executing VM operation: HandshakeAllThreads
Event: 26.811 Executing VM operation: HandshakeAllThreads done
Event: 27.326 Executing VM operation: G1CollectForAllocation
Event: 27.337 Executing VM operation: G1CollectForAllocation done
Event: 27.363 Executing VM operation: G1CollectForAllocation
Event: 27.370 Executing VM operation: G1CollectForAllocation done
Event: 27.982 Executing VM operation: G1TryInitiateConcMark
Event: 27.985 Executing VM operation: G1TryInitiateConcMark done
Event: 28.092 Executing VM operation: G1Concurrent
Event: 28.113 Executing VM operation: G1Concurrent done

Events (20 events):
Event: 19.582 loading class java/util/Base64$Encoder
Event: 19.586 loading class java/util/Base64$Encoder done
Event: 19.587 loading class java/util/jar/JarVerifier$VerifierStream
Event: 19.602 loading class java/util/jar/JarVerifier$VerifierStream done
Event: 19.602 loading class sun/security/util/ManifestEntryVerifier$SunProviderHolder
Event: 19.603 loading class sun/security/util/ManifestEntryVerifier$SunProviderHolder done
Event: 20.799 loading class java/security/KeyStore
Event: 20.802 loading class java/security/KeyStore done
Event: 20.802 loading class java/security/KeyStore$1
Event: 20.803 loading class java/security/KeyStore$1 done
Event: 22.225 loading class javax/xml/stream/XMLStreamException
Event: 22.227 loading class javax/xml/stream/XMLStreamException done
Event: 22.388 loading class sun/reflect/annotation/AnnotationInvocationHandler$1
Event: 22.388 loading class sun/reflect/annotation/AnnotationInvocationHandler$1 done
Event: 25.409 loading class java/util/ArrayList$SubList$1
Event: 25.410 loading class java/util/ArrayList$SubList$1 done
Event: 28.042 loading class sun/reflect/generics/repository/FieldRepository
Event: 28.043 loading class sun/reflect/generics/repository/FieldRepository done
Event: 28.075 loading class jdk/internal/vm/annotation/ForceInline
Event: 28.076 loading class jdk/internal/vm/annotation/ForceInline done


Dynamic libraries:
0x00007ff617910000 - 0x00007ff61791a000 	C:\Program Files\Android\Android Studio1\jbr\bin\java.exe
0x00007ffe4a590000 - 0x00007ffe4a788000 	C:\Windows\SYSTEM32\ntdll.dll
0x00007ffe48f10000 - 0x00007ffe48fcd000 	C:\Windows\System32\KERNEL32.DLL
0x00007ffe47d60000 - 0x00007ffe48056000 	C:\Windows\System32\KERNELBASE.dll
0x00007ffe47c60000 - 0x00007ffe47d60000 	C:\Windows\System32\ucrtbase.dll
0x00007ffe40e80000 - 0x00007ffe40e9b000 	C:\Program Files\Android\Android Studio1\jbr\bin\VCRUNTIME140.dll
0x00007ffe2a040000 - 0x00007ffe2a057000 	C:\Program Files\Android\Android Studio1\jbr\bin\jli.dll
0x00007ffe48bc0000 - 0x00007ffe48d5e000 	C:\Windows\System32\USER32.dll
0x00007ffe356c0000 - 0x00007ffe3595a000 	C:\Windows\WinSxS\amd64_microsoft.windows.common-controls_6595b64144ccf1df_6.0.19041.3636_none_60b6a03d71f818d5\COMCTL32.dll
0x00007ffe485b0000 - 0x00007ffe485d2000 	C:\Windows\System32\win32u.dll
0x00007ffe48890000 - 0x00007ffe4892e000 	C:\Windows\System32\msvcrt.dll
0x00007ffe48640000 - 0x00007ffe4866c000 	C:\Windows\System32\GDI32.dll
0x00007ffe48490000 - 0x00007ffe485aa000 	C:\Windows\System32\gdi32full.dll
0x00007ffe482b0000 - 0x00007ffe4834d000 	C:\Windows\System32\msvcp_win.dll
0x00007ffe48b10000 - 0x00007ffe48b40000 	C:\Windows\System32\IMM32.DLL
0x00007ffe40e70000 - 0x00007ffe40e7c000 	C:\Program Files\Android\Android Studio1\jbr\bin\vcruntime140_1.dll
0x00007ffe23eb0000 - 0x00007ffe23f3d000 	C:\Program Files\Android\Android Studio1\jbr\bin\msvcp140.dll
0x00007ffdb40e0000 - 0x00007ffdb4d60000 	C:\Program Files\Android\Android Studio1\jbr\bin\server\jvm.dll
0x00007ffe490a0000 - 0x00007ffe49153000 	C:\Windows\System32\ADVAPI32.dll
0x00007ffe487f0000 - 0x00007ffe4888f000 	C:\Windows\System32\sechost.dll
0x00007ffe489d0000 - 0x00007ffe48af6000 	C:\Windows\System32\RPCRT4.dll
0x00007ffe48120000 - 0x00007ffe48147000 	C:\Windows\System32\bcrypt.dll
0x00007ffe40ac0000 - 0x00007ffe40aca000 	C:\Windows\SYSTEM32\VERSION.dll
0x00007ffe30420000 - 0x00007ffe30447000 	C:\Windows\SYSTEM32\WINMM.dll
0x00007ffe2cc50000 - 0x00007ffe2cc59000 	C:\Windows\SYSTEM32\WSOCK32.dll
0x00007ffe48b40000 - 0x00007ffe48bab000 	C:\Windows\System32\WS2_32.dll
0x00007ffe45b10000 - 0x00007ffe45b22000 	C:\Windows\SYSTEM32\kernel.appcore.dll
0x00007ffe3fbd0000 - 0x00007ffe3fbda000 	C:\Program Files\Android\Android Studio1\jbr\bin\jimage.dll
0x00007ffe2c220000 - 0x00007ffe2c404000 	C:\Windows\SYSTEM32\DBGHELP.DLL
0x00007ffe2bfa0000 - 0x00007ffe2bfd4000 	C:\Windows\SYSTEM32\dbgcore.DLL
0x00007ffe48400000 - 0x00007ffe48482000 	C:\Windows\System32\bcryptPrimitives.dll
0x00007ffe31900000 - 0x00007ffe3190e000 	C:\Program Files\Android\Android Studio1\jbr\bin\instrument.dll
0x00007ffe33b60000 - 0x00007ffe33b85000 	C:\Program Files\Android\Android Studio1\jbr\bin\java.dll
0x00007ffe31a10000 - 0x00007ffe31a28000 	C:\Program Files\Android\Android Studio1\jbr\bin\zip.dll
0x00007ffe49810000 - 0x00007ffe49f55000 	C:\Windows\System32\SHELL32.dll
0x00007ffe45d10000 - 0x00007ffe464ab000 	C:\Windows\SYSTEM32\windows.storage.dll
0x00007ffe4a0d0000 - 0x00007ffe4a424000 	C:\Windows\System32\combase.dll
0x00007ffe47620000 - 0x00007ffe4764d000 	C:\Windows\SYSTEM32\Wldp.dll
0x00007ffe48670000 - 0x00007ffe4871d000 	C:\Windows\System32\SHCORE.dll
0x00007ffe49160000 - 0x00007ffe491b5000 	C:\Windows\System32\shlwapi.dll
0x00007ffe47b90000 - 0x00007ffe47bb5000 	C:\Windows\SYSTEM32\profapi.dll
0x00007ffe2dea0000 - 0x00007ffe2deb9000 	C:\Program Files\Android\Android Studio1\jbr\bin\net.dll
0x00007ffe3caf0000 - 0x00007ffe3cbfa000 	C:\Windows\SYSTEM32\WINHTTP.dll
0x00007ffe47320000 - 0x00007ffe4738a000 	C:\Windows\system32\mswsock.dll
0x00007ffe2a060000 - 0x00007ffe2a076000 	C:\Program Files\Android\Android Studio1\jbr\bin\nio.dll
0x00007ffe35450000 - 0x00007ffe35460000 	C:\Program Files\Android\Android Studio1\jbr\bin\verify.dll
0x00007ffe31b90000 - 0x00007ffe31bb7000 	C:\Users\Sheila\.gradle\native\68d5fa5c4cc2d200863cafc0d521ce42e7d3e7ee720ec0a83991735586a16f82\windows-amd64\native-platform.dll
0x00007ffe0ed20000 - 0x00007ffe0ee64000 	C:\Users\Sheila\.gradle\native\e376f236ea51e6404a007f0833ffe2c6e607c4080706a723a18a27aeea778392\windows-amd64\native-platform-file-events.dll
0x00007ffe35350000 - 0x00007ffe35359000 	C:\Program Files\Android\Android Studio1\jbr\bin\management.dll
0x00007ffe31b00000 - 0x00007ffe31b0b000 	C:\Program Files\Android\Android Studio1\jbr\bin\management_ext.dll
0x00007ffe48bb0000 - 0x00007ffe48bb8000 	C:\Windows\System32\PSAPI.DLL
0x00007ffe47510000 - 0x00007ffe47528000 	C:\Windows\SYSTEM32\CRYPTSP.dll
0x00007ffe46c50000 - 0x00007ffe46c84000 	C:\Windows\system32\rsaenh.dll
0x00007ffe47b10000 - 0x00007ffe47b3e000 	C:\Windows\SYSTEM32\USERENV.dll
0x00007ffe47530000 - 0x00007ffe4753c000 	C:\Windows\SYSTEM32\CRYPTBASE.dll
0x00007ffe47010000 - 0x00007ffe4704b000 	C:\Windows\SYSTEM32\IPHLPAPI.DLL
0x00007ffe48b00000 - 0x00007ffe48b08000 	C:\Windows\System32\NSI.dll
0x00007ffe3d930000 - 0x00007ffe3d947000 	C:\Windows\SYSTEM32\dhcpcsvc6.DLL
0x00007ffe3f130000 - 0x00007ffe3f14d000 	C:\Windows\SYSTEM32\dhcpcsvc.DLL
0x00007ffe47050000 - 0x00007ffe4711a000 	C:\Windows\SYSTEM32\DNSAPI.dll
0x00007ffe40ea0000 - 0x00007ffe40ea7000 	C:\Windows\system32\wshunix.dll

dbghelp: loaded successfully - version: 4.0.5 - missing functions: none
symbol engine: initialized successfully - sym options: 0x614 - pdb path: .;C:\Program Files\Android\Android Studio1\jbr\bin;C:\Windows\SYSTEM32;C:\Windows\WinSxS\amd64_microsoft.windows.common-controls_6595b64144ccf1df_6.0.19041.3636_none_60b6a03d71f818d5;C:\Program Files\Android\Android Studio1\jbr\bin\server;C:\Users\Sheila\.gradle\native\68d5fa5c4cc2d200863cafc0d521ce42e7d3e7ee720ec0a83991735586a16f82\windows-amd64;C:\Users\Sheila\.gradle\native\e376f236ea51e6404a007f0833ffe2c6e607c4080706a723a18a27aeea778392\windows-amd64

VM Arguments:
jvm_args: --add-opens=java.base/java.util=ALL-UNNAMED --add-opens=java.base/java.lang=ALL-UNNAMED --add-opens=java.base/java.lang.invoke=ALL-UNNAMED --add-opens=java.prefs/java.util.prefs=ALL-UNNAMED --add-opens=java.base/java.nio.charset=ALL-UNNAMED --add-opens=java.base/java.net=ALL-UNNAMED --add-opens=java.base/java.util.concurrent.atomic=ALL-UNNAMED -Xmx2048m -Dfile.encoding=UTF-8 -Duser.country=ES -Duser.language=es -Duser.variant -javaagent:C:\Users\Sheila\.gradle\wrapper\dists\gradle-8.2-bin\bbg7u40eoinfdyxsxr3z4i7ta\gradle-8.2\lib\agents\gradle-instrumentation-agent-8.2.jar 
java_command: org.gradle.launcher.daemon.bootstrap.GradleDaemon 8.2
java_class_path (initial): C:\Users\Sheila\.gradle\wrapper\dists\gradle-8.2-bin\bbg7u40eoinfdyxsxr3z4i7ta\gradle-8.2\lib\gradle-launcher-8.2.jar
Launcher Type: SUN_STANDARD

[Global flags]
     intx CICompilerCount                          = 3                                         {product} {ergonomic}
     uint ConcGCThreads                            = 1                                         {product} {ergonomic}
     uint G1ConcRefinementThreads                  = 4                                         {product} {ergonomic}
   size_t G1HeapRegionSize                         = 1048576                                   {product} {ergonomic}
    uintx GCDrainStackTargetSize                   = 64                                        {product} {ergonomic}
   size_t InitialHeapSize                          = 132120576                                 {product} {ergonomic}
   size_t MarkStackSize                            = 4194304                                   {product} {ergonomic}
   size_t MaxHeapSize                              = 2147483648                                {product} {command line}
   size_t MaxNewSize                               = 1287651328                                {product} {ergonomic}
   size_t MinHeapDeltaBytes                        = 1048576                                   {product} {ergonomic}
   size_t MinHeapSize                              = 8388608                                   {product} {ergonomic}
    uintx NonNMethodCodeHeapSize                   = 5832780                                {pd product} {ergonomic}
    uintx NonProfiledCodeHeapSize                  = 122912730                              {pd product} {ergonomic}
    uintx ProfiledCodeHeapSize                     = 122912730                              {pd product} {ergonomic}
    uintx ReservedCodeCacheSize                    = 251658240                              {pd product} {ergonomic}
     bool SegmentedCodeCache                       = true                                      {product} {ergonomic}
   size_t SoftMaxHeapSize                          = 2147483648                             {manageable} {ergonomic}
     bool UseCompressedClassPointers               = true                           {product lp64_product} {ergonomic}
     bool UseCompressedOops                        = true                           {product lp64_product} {ergonomic}
     bool UseG1GC                                  = true                                      {product} {ergonomic}
     bool UseLargePagesIndividualAllocation        = false                                  {pd product} {ergonomic}

Logging:
Log output configuration:
 #0: stdout all=warning uptime,level,tags
 #1: stderr all=off uptime,level,tags

Environment Variables:
PATH=C:\Program Files\Common Files\Oracle\Java\javapath;C:\Windows\system32;C:\Windows;C:\Windows\System32\Wbem;C:\Windows\System32\WindowsPowerShell\v1.0\;C:\Windows\System32\OpenSSH\;C:\Program Files\Microsoft SQL Server\150\Tools\Binn\;C:\Program Files\Microsoft SQL Server\Client SDK\ODBC\170\Tools\Binn\;C:\Program Files\dotnet\;C:\Program Files (x86)\Windows Kits\10\Windows Performance Toolkit\;C:\Users\Sheila\AppData\Local\Programs\Python\Python312\Scripts\;C:\Users\Sheila\AppData\Local\Programs\Python\Python312\;C:\Users\Sheila\AppData\Local\Microsoft\WindowsApps;C:\Users\Sheila\AppData\Local\Programs\Microsoft VS Code\bin;C:\Users\Sheila\AppData\Local\Programs\Git\cmd
USERNAME=Sheila
OS=Windows_NT
PROCESSOR_IDENTIFIER=Intel64 Family 6 Model 142 Stepping 12, GenuineIntel
TMP=C:\Users\Sheila\AppData\Local\Temp
TEMP=C:\Users\Sheila\AppData\Local\Temp


JNI global refs:
JNI global refs: 26, weak refs: 1

JNI global refs memory usage: 843, weak refs: 841

OOME stack traces (most recent first):
Classloader memory used:
